<?xml version="1.0" encoding="UTF-8"?>
<testng-results ignored="0" total="2" passed="2" failed="0" skipped="0">
  <reporter-output>
  </reporter-output>
  <suite started-at="2021-04-22T12:35:04 EDT" name="Default suite" finished-at="2021-04-22T12:35:09 EDT" duration-ms="5644">
    <groups>
    </groups>
    <test started-at="2021-04-22T12:35:04 EDT" name="Default test" finished-at="2021-04-22T12:35:09 EDT" duration-ms="5644">
      <class name="Demo.Search">
        <test-method is-config="true" signature="BT()[pri:0, instance:Demo.Search@6a84a97d]" started-at="2021-04-22T12:35:04 EDT" name="BT" finished-at="2021-04-22T12:35:08 EDT" duration-ms="4044" status="PASS">
          <reporter-output>
          </reporter-output>
        </test-method> <!-- BT -->
        <test-method signature="PL()[pri:0, instance:Demo.Search@6a84a97d]" started-at="2021-04-22T12:35:08 EDT" name="PL" finished-at="2021-04-22T12:35:08 EDT" duration-ms="123" status="PASS">
          <reporter-output>
          </reporter-output>
        </test-method> <!-- PL -->
        <test-method signature="test()[pri:1, instance:Demo.Search@6a84a97d]" started-at="2021-04-22T12:35:08 EDT" name="test" finished-at="2021-04-22T12:35:09 EDT" duration-ms="1376" status="PASS">
          <reporter-output>
          </reporter-output>
        </test-method> <!-- test -->
        <test-method is-config="true" signature="FT()[pri:0, instance:Demo.Search@6a84a97d]" started-at="2021-04-22T12:35:09 EDT" name="FT" finished-at="2021-04-22T12:35:09 EDT" duration-ms="71" status="PASS">
          <reporter-output>
          </reporter-output>
        </test-method> <!-- FT -->
      </class> <!-- Demo.Search -->
    </test> <!-- Default test -->
  </suite> <!-- Default suite -->
</testng-results>
